D:\DOCUMENTS\PROJECTS\WANDERINGSTAR\WANDERINGSTAR\VC10\DEBUG\CAMERA.OBJ
D:\Documents\Projects\WanderingStar\WanderingStar\vc10\Debug\cl.command.1.tlog
D:\Documents\Projects\WanderingStar\WanderingStar\vc10\Debug\CL.read.1.tlog
D:\Documents\Projects\WanderingStar\WanderingStar\vc10\Debug\CL.write.1.tlog
D:\Documents\Projects\WanderingStar\WanderingStar\vc10\Debug\link.command.1.tlog
D:\Documents\Projects\WanderingStar\WanderingStar\vc10\Debug\link.read.1.tlog
D:\Documents\Projects\WanderingStar\WanderingStar\vc10\Debug\link.write.1.tlog
D:\Documents\Projects\WanderingStar\WanderingStar\vc10\Debug\link-cvtres.read.1.tlog
D:\Documents\Projects\WanderingStar\WanderingStar\vc10\Debug\link-cvtres.write.1.tlog
D:\Documents\Projects\WanderingStar\WanderingStar\vc10\Debug\rc.command.1.tlog
D:\Documents\Projects\WanderingStar\WanderingStar\vc10\Debug\rc.read.1.tlog
D:\Documents\Projects\WanderingStar\WanderingStar\vc10\Debug\rc.write.1.tlog
D:\DOCUMENTS\PROJECTS\WANDERINGSTAR\WANDERINGSTAR\VC10\DEBUG\RESOURCES.RES
D:\Documents\Projects\WanderingStar\WanderingStar\vc10\Debug\vc100.idb
D:\DOCUMENTS\PROJECTS\WANDERINGSTAR\WANDERINGSTAR\VC10\DEBUG\VC100.PDB
D:\Documents\Projects\WanderingStar\WanderingStar\vc10\Debug\WanderingStar.exe.embed.manifest
D:\DOCUMENTS\PROJECTS\WANDERINGSTAR\WANDERINGSTAR\VC10\DEBUG\WANDERINGSTAR.EXE.EMBED.MANIFEST.RES
D:\Documents\Projects\WanderingStar\WanderingStar\vc10\Debug\WanderingStar.exe.intermediate.manifest
D:\Documents\Projects\WanderingStar\WanderingStar\vc10\Debug\WanderingStar.pdb
D:\Documents\Projects\WanderingStar\WanderingStar\vc10\Debug\WanderingStar_manifest.rc
D:\DOCUMENTS\PROJECTS\WANDERINGSTAR\WANDERINGSTAR\VC10\DEBUG\WANDERINGSTARAPP.OBJ
